# see comments in snare_ccoff_udp.conf
# note that some of these samples look pretty wild, but they are
# *real* cases (just mangled to anonymize them...)
# Sample 1 - note the absence of PRI!
windowsserver	MSWinEventLog	1	Security	1167	Fri Mar 19 15:33:30 2010	540	Security	SYSTEM	User	Success Audit	WINDOWSSERVER	Logon/Logoff		Successful Network Logon:     User Name: WINDOWSSERVER$     Domain: DOMX     Logon ID: (0x0,0xF88396)     Logon Type: 3     Logon Process: Kerberos     Authentication Package: Kerberos     Workstation Name:      Logon GUID: {79b6eb79-7bcc-8a2e-7dad-953c51dc00fd}     Caller User Name: -     Caller Domain: -     Caller Logon ID: -     Caller Process ID: -     Transited Services: -     Source Network Address: 10.11.11.3     Source Port: 3306    	733\n
13,user,notice,localhost.localdomain,windowsserver,windowsserver	MSWinEventLog	1	Security	1167	Fri, Mar 19 15:33:30 2010	540	Security	SYSTEM	User	Success Audit	WINDOWSSERVER	Logon/Logoff		Successful Network Logon:     User Name: WINDOWSSERVER$     Domain: DOMX     Logon ID: (0x0,0xF88396)     Logon Type: 3     Logon Process: Kerberos     Authentication Package: Kerberos     Workstation Name:      Logon GUID: {79b6eb79-7bcc-8a2e-7dad-953c51dc00fd}     Caller User Name: -     Caller Domain: -     Caller Logon ID: -     Caller Process ID: -     Transited Services: -     Source Network Address: 10.11.11.3     Source Port: 3306    	733
# Sample 2
# the samples below need to be disabled for the "workaround patch" for the message
# parser to work. They need to be re-enabled once a final solution has been crafted
#windowsserver	MSWinEventLog	1	Security	1166	Fri Mar 19 15:33:30 2010	576	Security	SYSTEM	User	Success Audit	WINDOWSSERVER	Logon/Logoff		Special privileges assigned to new logon:     User Name: WINDOWSSERVER$     Domain: DOMX     Logon ID: (0x0,0xF88396)     Privileges: SeSecurityPrivilege   SeBackupPrivilege   SeRestorePrivilege   SeTakeOwnershipPrivilege   SeDebugPrivilege   SeSystemEnvironmentPrivilege   SeLoadDriverPrivilege   SeImpersonatePrivilege   SeEnableDelegationPrivilege  	732\n
#13,user,notice,localhost,windowsserver,windowsserver	MSWinEventLog	1	Security	1166	Fri, Mar 19 15:33:30 2010	576	Security	SYSTEM	User	Success Audit	WINDOWSSERVER	Logon/Logoff		Special privileges assigned to new logon:     User Name: WINDOWSSERVER$     Domain: DOMX     Logon ID: (0x0,0xF88396)     Privileges: SeSecurityPrivilege   SeBackupPrivilege   SeRestorePrivilege   SeTakeOwnershipPrivilege   SeDebugPrivilege   SeSystemEnvironmentPrivilege   SeLoadDriverPrivilege   SeImpersonatePrivilege   SeEnableDelegationPrivilege  	732
# Sample 3
#windowsserver	MSWinEventLog	1	Security	1165	Fri Mar 19 15:33:30 2010	538	Security	SYSTEM	User	Success Audit	WINDOWSSERVER	Logon/Logoff		User Logoff:     User Name: WINDOWSSERVER$     Domain: DOMX     Logon ID: (0x0,0xF8830B)     Logon Type: 3    	731\n
#13,user,notice,localhost,windowsserver,windowsserver	MSWinEventLog	1	Security	1165	Fri, Mar 19 15:33:30 2010	538	Security	SYSTEM	User	Success Audit	WINDOWSSERVER	Logon/Logoff		User Logoff:     User Name: WINDOWSSERVER$     Domain: DOMX     Logon ID: (0x0,0xF8830B)     Logon Type: 3    	731
