# some parse test build around data in snare-format
<141>Mar 10 09:30:20 zuse.xysystems.local MSWinEventLog\0111\011Security\011563\011Wed Mar 10 09:30:15 2010\011538\011Security\011XYWS011$\011User\011Success Audit\011ZUSE\011Logon/Logoff\011\011User Logoff:     User Name: XYWS011$     Domain: XYZSYSTEMS     Logon ID: (0x0,0x5984789C)     Logon Type: 3    \011552
141,local1,notice,Mar 10 09:30:20,zuse.xysystems.local,MSWinEventLog#0111#011Security#011563#011Wed,MSWinEventLog#0111#011Security#011563#011Wed, Mar 10 09:30:15 2010#011538#011Security#011XYWS011$#011User#011Success Audit#011ZUSE#011Logon/Logoff#011#011User Logoff:     User Name: XYWS011$     Domain: XYZSYSTEMS     Logon ID: (0x0,0x5984789C)     Logon Type: 3    #011552
#
# NEXT MESSAGE
#
Mar 10 09:30:20 zuse.xysystems.local MSWinEventLog\0111\011Security\011564\011Wed Mar 10 09:30:19 2010\011540\011Security\011BACKUP1$\011User\011Success Audit\011ZUSE\011Logon/Logoff\011\011Successful Network Logon:     User Name: BACKUP1$     Domain: XYZSYSTEMS     Logon ID: (0x0,0x59848DB4)     Logon Type: 3     Logon Process: Kerberos     Authentication Package: Kerberos     Workstation Name:      Logon GUID: {f6f65903-1932-d229-4b75-64816121d569}     Caller User Name: -     Caller Domain: -     Caller Logon ID: -     Caller Process ID: -     Transited Services: -     Source Network Address: 172.16.0.31     Source Port: 0    \011553
13,user,notice,Mar 10 09:30:20,zuse.xysystems.local,MSWinEventLog#0111#011Security#011564#011Wed,MSWinEventLog#0111#011Security#011564#011Wed, Mar 10 09:30:19 2010#011540#011Security#011BACKUP1$#011User#011Success Audit#011ZUSE#011Logon/Logoff#011#011Successful Network Logon:     User Name: BACKUP1$     Domain: XYZSYSTEMS     Logon ID: (0x0,0x59848DB4)     Logon Type: 3     Logon Process: Kerberos     Authentication Package: Kerberos     Workstation Name:      Logon GUID: {f6f65903-1932-d229-4b75-64816121d569}     Caller User Name: -     Caller Domain: -     Caller Logon ID: -     Caller Process ID: -     Transited Services: -     Source Network Address: 172.16.0.31     Source Port: 0    #011553
#
# NEXT MESSAGE
# 
<141>Mar 10 09:30:25 zuse.xysystems.local MSWinEventLog\0111\011Security\011566\011Wed Mar 10 09:30:21 2010\011540\011Security\011aadminps\011User\011Success Audit\011ZUSE\011Logon/Logoff\011\011Successful Network Logon:     User Name: aadminps     Domain: XYSYSTEMS     Logon ID: (0x0,0x5984973C)     Logon Type: 3     Logon Process: Authz        Authentication Package: Kerberos     Workstation Name: ZUSE     Logon GUID: -     Caller User Name: ZUSE$     Caller Domain: XYSYSTEMS     Caller Logon ID: (0x0,0x3E7)     Caller Process ID: 1004     Transited Services: -     Source Network Address: -     Source Port: -    \011555
141,local1,notice,Mar 10 09:30:25,zuse.xysystems.local,MSWinEventLog#0111#011Security#011566#011Wed,MSWinEventLog#0111#011Security#011566#011Wed, Mar 10 09:30:21 2010#011540#011Security#011aadminps#011User#011Success Audit#011ZUSE#011Logon/Logoff#011#011Successful Network Logon:     User Name: aadminps     Domain: XYSYSTEMS     Logon ID: (0x0,0x5984973C)     Logon Type: 3     Logon Process: Authz        Authentication Package: Kerberos     Workstation Name: ZUSE     Logon GUID: -     Caller User Name: ZUSE$     Caller Domain: XYSYSTEMS     Caller Logon ID: (0x0,0x3E7)     Caller Process ID: 1004     Transited Services: -     Source Network Address: -     Source Port: -    #011555
#
# NEXT MESSAGE
#
<141>Mar 10 09:30:25 zuse.xysystems.local MSWinEventLog\0111\011Security\011567\011Wed Mar 10 09:30:21 2010\011538\011Security\011aadminps\011User\011Success Audit\011ZUSE\011Logon/Logoff\011\011User Logoff:     User Name: aadminps     Domain: XYSYSTEMS     Logon ID: (0x0,0x5984973C)     Logon Type: 3    \011556
141,local1,notice,Mar 10 09:30:25,zuse.xysystems.local,MSWinEventLog#0111#011Security#011567#011Wed,MSWinEventLog#0111#011Security#011567#011Wed, Mar 10 09:30:21 2010#011538#011Security#011aadminps#011User#011Success Audit#011ZUSE#011Logon/Logoff#011#011User Logoff:     User Name: aadminps     Domain: XYSYSTEMS     Logon ID: (0x0,0x5984973C)     Logon Type: 3    #011556
#
# NEXT MESSAGE
#
<141>Mar 10 09:30:25 zuse.xysystems.local MSWinEventLog\0111\011Security\011568\011Wed Mar 10 09:30:25 2010\011540\011Security\011ANONYMOUS LOGON\011Well Known Group\011Success Audit\011ZUSE\011Logon/Logoff\011\011Successful Network Logon:     User Name:      Domain:      Logon ID: (0x0,0x5984AB6F)     Logon Type: 3     Logon Process: NtLmSsp      Authentication Package: NTLM     Workstation Name: XYWS083     Logon GUID: -     Caller User Name: -     Caller Domain: -     Caller Logon ID: -     Caller Process ID: -     Transited Services: -     Source Network Address: 172.16.3.91     Source Port: 0    \011557
141,local1,notice,Mar 10 09:30:25,zuse.xysystems.local,MSWinEventLog#0111#011Security#011568#011Wed,MSWinEventLog#0111#011Security#011568#011Wed, Mar 10 09:30:25 2010#011540#011Security#011ANONYMOUS LOGON#011Well Known Group#011Success Audit#011ZUSE#011Logon/Logoff#011#011Successful Network Logon:     User Name:      Domain:      Logon ID: (0x0,0x5984AB6F)     Logon Type: 3     Logon Process: NtLmSsp      Authentication Package: NTLM     Workstation Name: XYWS083     Logon GUID: -     Caller User Name: -     Caller Domain: -     Caller Logon ID: -     Caller Process ID: -     Transited Services: -     Source Network Address: 172.16.3.91     Source Port: 0    #011557
#
# NEXT MESSAGE
#
<141>Mar 10 09:30:25 zuse.xysystems.local MSWinEventLog\0111\011Security\011569\011Wed Mar 10 09:30:25 2010\011540\011Security\011SYSTEM\011User\011Success Audit\011ZUSE\011Logon/Logoff\011\011Successful Network Logon:     User Name: ZUSE$     Domain: XYSYSTEMS     Logon ID: (0x0,0x5984ACA7)     Logon Type: 3     Logon Process: Kerberos     Authentication Package: Kerberos     Workstation Name:      Logon GUID: {20014d9a-ce6c-6834-d1ed-607c08f0b6a7}     Caller User Name: -     Caller Domain: -     Caller Logon ID: -     Caller Process ID: -     Transited Services: -     Source Network Address: 172.16.0.15     Source Port: 2318    \011558
141,local1,notice,Mar 10 09:30:25,zuse.xysystems.local,MSWinEventLog#0111#011Security#011569#011Wed,MSWinEventLog#0111#011Security#011569#011Wed, Mar 10 09:30:25 2010#011540#011Security#011SYSTEM#011User#011Success Audit#011ZUSE#011Logon/Logoff#011#011Successful Network Logon:     User Name: ZUSE$     Domain: XYSYSTEMS     Logon ID: (0x0,0x5984ACA7)     Logon Type: 3     Logon Process: Kerberos     Authentication Package: Kerberos     Workstation Name:      Logon GUID: {20014d9a-ce6c-6834-d1ed-607c08f0b6a7}     Caller User Name: -     Caller Domain: -     Caller Logon ID: -     Caller Process ID: -     Transited Services: -     Source Network Address: 172.16.0.15     Source Port: 2318    #011558
#
# NEXT MESSAGE
#
<141>Mar 10 09:30:25 zuse.xysystems.local MSWinEventLog\0111\011Security\011570\011Wed Mar 10 09:30:25 2010\011538\011Security\011SYSTEM\011User\011Success Audit\011ZUSE\011Logon/Logoff\011\011User Logoff:     User Name: ZUSE$     Domain: XYSYSTEMS     Logon ID: (0x0,0x5984ACA7)     Logon Type: 3    \011559
141,local1,notice,Mar 10 09:30:25,zuse.xysystems.local,MSWinEventLog#0111#011Security#011570#011Wed,MSWinEventLog#0111#011Security#011570#011Wed, Mar 10 09:30:25 2010#011538#011Security#011SYSTEM#011User#011Success Audit#011ZUSE#011Logon/Logoff#011#011User Logoff:     User Name: ZUSE$     Domain: XYSYSTEMS     Logon ID: (0x0,0x5984ACA7)     Logon Type: 3    #011559
#
# NEXT MESSAGE
#
<141>Mar 10 09:30:25 zuse.xysystems.local MSWinEventLog\0111\011Security\011571\011Wed Mar 10 09:30:25 2010\011540\011Security\011SYSTEM\011User\011Success Audit\011ZUSE\011Logon/Logoff\011\011Successful Network Logon:     User Name: ZUSE$     Domain: XYSYSTEMS     Logon ID: (0x0,0x5984AD7C)     Logon Type: 3     Logon Process: Kerberos     Authentication Package: Kerberos     Workstation Name:      Logon GUID: {20014d9a-ce6c-6834-d1ed-607c08f0b6a7}     Caller User Name: -     Caller Domain: -     Caller Logon ID: -     Caller Process ID: -     Transited Services: -     Source Network Address: 172.16.0.15     Source Port: 2319    \011560\
141,local1,notice,Mar 10 09:30:25,zuse.xysystems.local,MSWinEventLog#0111#011Security#011571#011Wed,MSWinEventLog#0111#011Security#011571#011Wed, Mar 10 09:30:25 2010#011540#011Security#011SYSTEM#011User#011Success Audit#011ZUSE#011Logon/Logoff#011#011Successful Network Logon:     User Name: ZUSE$     Domain: XYSYSTEMS     Logon ID: (0x0,0x5984AD7C)     Logon Type: 3     Logon Process: Kerberos     Authentication Package: Kerberos     Workstation Name:      Logon GUID: {20014d9a-ce6c-6834-d1ed-607c08f0b6a7}     Caller User Name: -     Caller Domain: -     Caller Logon ID: -     Caller Process ID: -     Transited Services: -     Source Network Address: 172.16.0.15     Source Port: 2319    #011560
#
# NEXT MESSAGE
#
<141>Mar 10 09:30:25 zuse.xysystems.local MSWinEventLog\0111\011Security\011572\011Wed Mar 10 09:30:25 2010\011538\011Security\011SYSTEM\011User\011Success Audit\011ZUSE\011Logon/Logoff\011\011User Logoff:     User Name: ZUSE$     Domain: XYSYSTEMS     Logon ID: (0x0,0x5984AD7C)     Logon Type: 3    \011561
141,local1,notice,Mar 10 09:30:25,zuse.xysystems.local,MSWinEventLog#0111#011Security#011572#011Wed,MSWinEventLog#0111#011Security#011572#011Wed, Mar 10 09:30:25 2010#011538#011Security#011SYSTEM#011User#011Success Audit#011ZUSE#011Logon/Logoff#011#011User Logoff:     User Name: ZUSE$     Domain: XYSYSTEMS     Logon ID: (0x0,0x5984AD7C)     Logon Type: 3    #011561
#
# NEXT MESSAGE
#
<141>Mar 10 09:30:25 zuse.xysystems.local MSWinEventLog\0111\011Security\011573\011Wed Mar 10 09:30:25 2010\011680\011Security\011ettore.trezzani\011User\011Success Audit\011ZUSE\011Account Logon\011\011Logon attempt by: MICROSOFT_AUTHENTICATION_PACKAGE_V1_0    Logon account: ettore.trezzani    Source Workstation: XYWS083    Error Code: 0x0    \011562
141,local1,notice,Mar 10 09:30:25,zuse.xysystems.local,MSWinEventLog#0111#011Security#011573#011Wed,MSWinEventLog#0111#011Security#011573#011Wed, Mar 10 09:30:25 2010#011680#011Security#011ettore.trezzani#011User#011Success Audit#011ZUSE#011Account Logon#011#011Logon attempt by: MICROSOFT_AUTHENTICATION_PACKAGE_V1_0    Logon account: ettore.trezzani    Source Workstation: XYWS083    Error Code: 0x0    #011562
#
# NEXT MESSAGE
#
<141>Mar 10 09:30:25 zuse.xysystems.local MSWinEventLog\0111\011Security\011574\011Wed Mar 10 09:30:25 2010\011540\011Security\011ettore.trezzani\011User\011Success Audit\011ZUSE\011Logon/Logoff\011\011Successful Network Logon:     User Name: ettore.trezzani     Domain: XYSYSTEMS     Logon ID: (0x0,0x5984ADD5)     Logon Type: 3     Logon Process: NtLmSsp      Authentication Package: NTLM     Workstation Name: XYWS083     Logon GUID: -     Caller User Name: -     Caller Domain: -     Caller Logon ID: -     Caller Process ID: -     Transited Services: -     Source Network Address: 172.16.3.91     Source Port: 0    \011563
141,local1,notice,Mar 10 09:30:25,zuse.xysystems.local,MSWinEventLog#0111#011Security#011574#011Wed,MSWinEventLog#0111#011Security#011574#011Wed, Mar 10 09:30:25 2010#011540#011Security#011ettore.trezzani#011User#011Success Audit#011ZUSE#011Logon/Logoff#011#011Successful Network Logon:     User Name: ettore.trezzani     Domain: XYSYSTEMS     Logon ID: (0x0,0x5984ADD5)     Logon Type: 3     Logon Process: NtLmSsp      Authentication Package: NTLM     Workstation Name: XYWS083     Logon GUID: -     Caller User Name: -     Caller Domain: -     Caller Logon ID: -     Caller Process ID: -     Transited Services: -     Source Network Address: 172.16.3.91     Source Port: 0    #011563
#
# NEXT MESSAGE
#
<141>Mar 10 09:30:25 zuse.xysystems.local MSWinEventLog\0111\011Security\011575\011Wed Mar 10 09:30:25 2010\011540\011Security\011SYSTEM\011User\011Success Audit\011ZUSE\011Logon/Logoff\011\011Successful Network Logon:     User Name: ZUSE$     Domain: XYSYSTEMS     Logon ID: (0x0,0x5984AE49)     Logon Type: 3     Logon Process: Kerberos     Authentication Package: Kerberos     Workstation Name:      Logon GUID: {20014d9a-ce6c-6834-d1ed-607c08f0b6a7}     Caller User Name: -     Caller Domain: -     Caller Logon ID: -     Caller Process ID: -     Transited Services: -     Source Network Address: 172.16.0.15     Source Port: 2320    \011564
141,local1,notice,Mar 10 09:30:25,zuse.xysystems.local,MSWinEventLog#0111#011Security#011575#011Wed,MSWinEventLog#0111#011Security#011575#011Wed, Mar 10 09:30:25 2010#011540#011Security#011SYSTEM#011User#011Success Audit#011ZUSE#011Logon/Logoff#011#011Successful Network Logon:     User Name: ZUSE$     Domain: XYSYSTEMS     Logon ID: (0x0,0x5984AE49)     Logon Type: 3     Logon Process: Kerberos     Authentication Package: Kerberos     Workstation Name:      Logon GUID: {20014d9a-ce6c-6834-d1ed-607c08f0b6a7}     Caller User Name: -     Caller Domain: -     Caller Logon ID: -     Caller Process ID: -     Transited Services: -     Source Network Address: 172.16.0.15     Source Port: 2320    #011564
#
# NEXT MESSAGE
#
<141>Mar 10 09:30:25 zuse.xysystems.local MSWinEventLog\0111\011Security\011576\011Wed Mar 10 09:30:25 2010\011538\011Security\011SYSTEM\011User\011Success Audit\011ZUSE\011Logon/Logoff\011\011User Logoff:     User Name: ZUSE$     Domain: XYSYSTEMS     Logon ID: (0x0,0x5984AE49)     Logon Type: 3    \011565
141,local1,notice,Mar 10 09:30:25,zuse.xysystems.local,MSWinEventLog#0111#011Security#011576#011Wed,MSWinEventLog#0111#011Security#011576#011Wed, Mar 10 09:30:25 2010#011538#011Security#011SYSTEM#011User#011Success Audit#011ZUSE#011Logon/Logoff#011#011User Logoff:     User Name: ZUSE$     Domain: XYSYSTEMS     Logon ID: (0x0,0x5984AE49)     Logon Type: 3    #011565
#
# NEXT MESSAGE
#
<141>Mar 10 09:30:25 zuse.xysystems.local MSWinEventLog\0111\011Security\011577\011Wed Mar 10 09:30:25 2010\011540\011Security\011SYSTEM\011User\011Success Audit\011ZUSE\011Logon/Logoff\011\011Successful Network Logon:     User Name: ZUSE$     Domain: XYSYSTEMS     Logon ID: (0x0,0x5984AF00)     Logon Type: 3     Logon Process: Kerberos     Authentication Package: Kerberos     Workstation Name:      Logon GUID: {20014d9a-ce6c-6834-d1ed-607c08f0b6a7}     Caller User Name: -     Caller Domain: -     Caller Logon ID: -     Caller Process ID: -     Transited Services: -     Source Network Address: 172.16.0.15     Source Port: 2321    \011566
141,local1,notice,Mar 10 09:30:25,zuse.xysystems.local,MSWinEventLog#0111#011Security#011577#011Wed,MSWinEventLog#0111#011Security#011577#011Wed, Mar 10 09:30:25 2010#011540#011Security#011SYSTEM#011User#011Success Audit#011ZUSE#011Logon/Logoff#011#011Successful Network Logon:     User Name: ZUSE$     Domain: XYSYSTEMS     Logon ID: (0x0,0x5984AF00)     Logon Type: 3     Logon Process: Kerberos     Authentication Package: Kerberos     Workstation Name:      Logon GUID: {20014d9a-ce6c-6834-d1ed-607c08f0b6a7}     Caller User Name: -     Caller Domain: -     Caller Logon ID: -     Caller Process ID: -     Transited Services: -     Source Network Address: 172.16.0.15     Source Port: 2321    #011566
#
# NEXT MESSAGE
#
<141>Mar 10 09:30:25 zuse.xysystems.local MSWinEventLog\0111\011Security\011578\011Wed Mar 10 09:30:25 2010\011538\011Security\011SYSTEM\011User\011Success Audit\011ZUSE\011Logon/Logoff\011\011User Logoff:     User Name: ZUSE$     Domain: XYSYSTEMS     Logon ID: (0x0,0x5984AF00)     Logon Type: 3    \011567
141,local1,notice,Mar 10 09:30:25,zuse.xysystems.local,MSWinEventLog#0111#011Security#011578#011Wed,MSWinEventLog#0111#011Security#011578#011Wed, Mar 10 09:30:25 2010#011538#011Security#011SYSTEM#011User#011Success Audit#011ZUSE#011Logon/Logoff#011#011User Logoff:     User Name: ZUSE$     Domain: XYSYSTEMS     Logon ID: (0x0,0x5984AF00)     Logon Type: 3    #011567
#
# NEXT MESSAGE
#
<141>Mar 10 09:30:25 zuse.xysystems.local MSWinEventLog\0111\011Security\011579\011Wed Mar 10 09:30:25 2010\011538\011Security\011ANONYMOUS LOGON\011Well Known Group\011Success Audit\011ZUSE\011Logon/Logoff\011\011User Logoff:     User Name: ANONYMOUS LOGON     Domain: NT AUTHORITY     Logon ID: (0x0,0x5984AB6F)     Logon Type: 3    \011568
141,local1,notice,Mar 10 09:30:25,zuse.xysystems.local,MSWinEventLog#0111#011Security#011579#011Wed,MSWinEventLog#0111#011Security#011579#011Wed, Mar 10 09:30:25 2010#011538#011Security#011ANONYMOUS LOGON#011Well Known Group#011Success Audit#011ZUSE#011Logon/Logoff#011#011User Logoff:     User Name: ANONYMOUS LOGON     Domain: NT AUTHORITY     Logon ID: (0x0,0x5984AB6F)     Logon Type: 3    #011568
#
# NEXT MESSAGE
#
<141>Mar 10 09:30:30 zuse.xysystems.local MSWinEventLog\0111\011Security\011580\011Wed Mar 10 09:30:29 2010\011540\011Security\011XYWSBADGE$\011User\011Success Audit\011ZUSE\011Logon/Logoff\011\011Successful Network Logon:     User Name: XYWSBADGE$     Domain: XYSYSTEMS     Logon ID: (0x0,0x59852D73)     Logon Type: 3     Logon Process: Kerberos     Authentication Package: Kerberos     Workstation Name:      Logon GUID: {4bc3c075-5a77-4648-5822-bfdf88b4c211}     Caller User Name: -     Caller Domain: -     Caller Logon ID: -     Caller Process ID: -     Transited Services: -     Source Network Address: 172.16.3.18     Source Port: 0    \011569
141,local1,notice,Mar 10 09:30:30,zuse.xysystems.local,MSWinEventLog#0111#011Security#011580#011Wed,MSWinEventLog#0111#011Security#011580#011Wed, Mar 10 09:30:29 2010#011540#011Security#011XYWSBADGE$#011User#011Success Audit#011ZUSE#011Logon/Logoff#011#011Successful Network Logon:     User Name: XYWSBADGE$     Domain: XYSYSTEMS     Logon ID: (0x0,0x59852D73)     Logon Type: 3     Logon Process: Kerberos     Authentication Package: Kerberos     Workstation Name:      Logon GUID: {4bc3c075-5a77-4648-5822-bfdf88b4c211}     Caller User Name: -     Caller Domain: -     Caller Logon ID: -     Caller Process ID: -     Transited Services: -     Source Network Address: 172.16.3.18     Source Port: 0    #011569
