<14>Sep 22 23:08:01 WIN-IKCCUTRJI52 MSWinEventLog	1	Security	34769	Mon Sep 22 23:08:01 2025	4608	Microsoft-Windows-Security-Auditing	N/A	N/A	Success Audit	WIN-IKCCUTRJI52	Audit Policy Change		Windows is starting up.    This event is logged when LSASS.EXE starts and the auditing subsystem is initialized.	23127
<14>Sep 22 23:10:17 WIN-IKCCUTRJI52 MSWinEventLog	1	Security	35983	Mon Sep 22 23:10:17 2025	4608	Microsoft-Windows-Security-Auditing	N/A	N/A	Success Audit	WIN-IKCCUTRJI52	Audit Policy Change		Windows is starting up.    This event is logged when LSASS.EXE starts and the auditing subsystem is initialized.	23254
<14>Sep 22 23:07:48 WIN-IKCCUTRJI52 MSWinEventLog	1	Security	34172	Mon Sep 22 23:07:48 2025	4616	Microsoft-Windows-Security-Auditing	N/A	N/A	Success Audit	WIN-IKCCUTRJI52	Audit Policy Change		The system time was changed.    Subject:   Security ID:  S-1-5-19   Account Name:  LOCAL SERVICE   Account Domain:  NT AUTHORITY   Logon ID:  0x3E5    Process Information:   Process ID: 0x8dc   Name:  C:\Windows\System32\svchost.exe    Previous Time:  窶・025窶・窶・9窶・窶・2T21:07:48.955721500Z  New Time:  窶・025窶・窶・9窶・窶・2T21:07:48.956221600Z    This event is generated when the system time is changed. It is normal for the Windows Time Service, which runs with System privilege, to change the system time on a regular basis. Other system time changes may be indicative of attempts to tamper with the computer.	23112
<14>Sep 22 23:10:01 WIN-IKCCUTRJI52 MSWinEventLog	1	Security	35680	Mon Sep 22 23:10:01 2025	4616	Microsoft-Windows-Security-Auditing	N/A	N/A	Success Audit	WIN-IKCCUTRJI52	Audit Policy Change		The system time was changed.    Subject:   Security ID:  S-1-5-19   Account Name:  LOCAL SERVICE   Account Domain:  NT AUTHORITY   Logon ID:  0x3E5    Process Information:   Process ID: 0xc8c   Name:  C:\Windows\System32\svchost.exe    Previous Time:  窶・025窶・窶・9窶・窶・2T21:10:01.909557000Z  New Time:  窶・025窶・窶・9窶・窶・2T21:10:01.909662900Z    This event is generated when the system time is changed. It is normal for the Windows Time Service, which runs with System privilege, to change the system time on a regular basis. Other system time changes may be indicative of attempts to tamper with the computer.	23239
<14>Sep 22 22:49:23 WIN-IKCCUTRJI52 MSWinEventLog	1	Security	23943	Mon Sep 22 22:49:23 2025	4624	Microsoft-Windows-Security-Auditing	N/A	N/A	Success Audit	WIN-IKCCUTRJI52	Audit Policy Change		An account was successfully logged on.    Subject:   Security ID:  S-1-5-18   Account Name:  WIN-IKCCUTRJI52$   Account Domain:  WORKGROUP   Logon ID:  0x3E7    Logon Information:   Logon Type:  5   Restricted Admin Mode: -   Remote Credential Guard: -   Virtual Account:  No   Elevated Token:  Yes    Impersonation Level:  Impersonation    New Logon:   Security ID:  S-1-5-18   Account Name:  SYSTEM   Account Domain:  NT AUTHORITY   Logon ID:  0x3E7   Linked Logon ID:  0x0   Network Account Name: -   Network Account Domain: -   Logon GUID:  {00000000-0000-0000-0000-000000000000}    Process Information:   Process ID:  0x398   Process Name:  C:\Windows\System32\services.exe    Network Information:   Workstation Name: -   Source Network Address: -   Source Port:  -    Detailed Authentication Information:   Logon Process:  Advapi     Authentication Package: Negotiate   Transited Services: -   Package Name (NTLM only): -   Key Length:  0    This event is generated when a logon session is created. It is generated on the computer that was accessed.    The subject fields indicate the account on the local system which requested the logon. This is most commonly a service such as the Server service, or a local process such as Winlogon.exe or Services.exe.    The logon type field indicates the kind of logon that occurred. The most common types are 2 (interactive) and 3 (network).    The New Logon fields indicate the account for whom the new logon was created, i.e. the account that was logged on.    The network fields indicate where a remote logon request originated. Workstation name is not always available and may be left blank in some cases.    The impersonation level field indicates the extent to which a process in the logon session can impersonate.    The authentication information fields provide detailed information about this specific logon request.   - Logon GUID is a unique identifier that can be used to correlate this event with a KDC event.   - Transited services indicate which intermediate services have participated in this logon request.   - Package name indicates which sub-protocol was used among the NTLM protocols.   - Key length indicates the length of the generated session key. This will be 0 if no session key was requested.	13828
<14>Sep 22 23:06:07 WIN-IKCCUTRJI52 MSWinEventLog	1	Security	24733	Mon Sep 22 23:06:07 2025	4624	Microsoft-Windows-Security-Auditing	N/A	N/A	Success Audit	WIN-IKCCUTRJI52	Audit Policy Change		An account was successfully logged on.    Subject:   Security ID:  S-1-5-18   Account Name:  WIN-IKCCUTRJI52$   Account Domain:  WORKGROUP   Logon ID:  0x3E7    Logon Information:   Logon Type:  5   Restricted Admin Mode: -   Remote Credential Guard: -   Virtual Account:  No   Elevated Token:  Yes    Impersonation Level:  Impersonation    New Logon:   Security ID:  S-1-5-18   Account Name:  SYSTEM   Account Domain:  NT AUTHORITY   Logon ID:  0x3E7   Linked Logon ID:  0x0   Network Account Name: -   Network Account Domain: -   Logon GUID:  {00000000-0000-0000-0000-000000000000}    Process Information:   Process ID:  0x398   Process Name:  C:\Windows\System32\services.exe    Network Information:   Workstation Name: -   Source Network Address: -   Source Port:  -    Detailed Authentication Information:   Logon Process:  Advapi     Authentication Package: Negotiate   Transited Services: -   Package Name (NTLM only): -   Key Length:  0    This event is generated when a logon session is created. It is generated on the computer that was accessed.    The subject fields indicate the account on the local system which requested the logon. This is most commonly a service such as the Server service, or a local process such as Winlogon.exe or Services.exe.    The logon type field indicates the kind of logon that occurred. The most common types are 2 (interactive) and 3 (network).    The New Logon fields indicate the account for whom the new logon was created, i.e. the account that was logged on.    The network fields indicate where a remote logon request originated. Workstation name is not always available and may be left blank in some cases.    The impersonation level field indicates the extent to which a process in the logon session can impersonate.    The authentication information fields provide detailed information about this specific logon request.   - Logon GUID is a unique identifier that can be used to correlate this event with a KDC event.   - Transited services indicate which intermediate services have participated in this logon request.   - Package name indicates which sub-protocol was used among the NTLM protocols.   - Key length indicates the length of the generated session key. This will be 0 if no session key was requested.	13830
<14>Sep 22 23:06:07 WIN-IKCCUTRJI52 MSWinEventLog	1	Security	24738	Mon Sep 22 23:06:07 2025	4624	Microsoft-Windows-Security-Auditing	N/A	N/A	Success Audit	WIN-IKCCUTRJI52	Audit Policy Change		An account was successfully logged on.    Subject:   Security ID:  S-1-5-18   Account Name:  WIN-IKCCUTRJI52$   Account Domain:  WORKGROUP   Logon ID:  0x3E7    Logon Information:   Logon Type:  5   Restricted Admin Mode: -   Remote Credential Guard: -   Virtual Account:  No   Elevated Token:  Yes    Impersonation Level:  Impersonation    New Logon:   Security ID:  S-1-5-18   Account Name:  SYSTEM   Account Domain:  NT AUTHORITY   Logon ID:  0x3E7   Linked Logon ID:  0x0   Network Account Name: -   Network Account Domain: -   Logon GUID:  {00000000-0000-0000-0000-000000000000}    Process Information:   Process ID:  0x398   Process Name:  C:\Windows\System32\services.exe    Network Information:   Workstation Name: -   Source Network Address: -   Source Port:  -    Detailed Authentication Information:   Logon Process:  Advapi     Authentication Package: Negotiate   Transited Services: -   Package Name (NTLM only): -   Key Length:  0    This event is generated when a logon session is created. It is generated on the computer that was accessed.    The subject fields indicate the account on the local system which requested the logon. This is most commonly a service such as the Server service, or a local process such as Winlogon.exe or Services.exe.    The logon type field indicates the kind of logon that occurred. The most common types are 2 (interactive) and 3 (network).    The New Logon fields indicate the account for whom the new logon was created, i.e. the account that was logged on.    The network fields indicate where a remote logon request originated. Workstation name is not always available and may be left blank in some cases.    The impersonation level field indicates the extent to which a process in the logon session can impersonate.    The authentication information fields provide detailed information about this specific logon request.   - Logon GUID is a unique identifier that can be used to correlate this event with a KDC event.   - Transited services indicate which intermediate services have participated in this logon request.   - Package name indicates which sub-protocol was used among the NTLM protocols.   - Key length indicates the length of the generated session key. This will be 0 if no session key was requested.	13832
<14>Sep 22 23:06:07 WIN-IKCCUTRJI52 MSWinEventLog	1	Security	24740	Mon Sep 22 23:06:07 2025	4624	Microsoft-Windows-Security-Auditing	N/A	N/A	Success Audit	WIN-IKCCUTRJI52	Audit Policy Change		An account was successfully logged on.    Subject:   Security ID:  S-1-5-18   Account Name:  WIN-IKCCUTRJI52$   Account Domain:  WORKGROUP   Logon ID:  0x3E7    Logon Information:   Logon Type:  5   Restricted Admin Mode: -   Remote Credential Guard: -   Virtual Account:  No   Elevated Token:  Yes    Impersonation Level:  Impersonation    New Logon:   Security ID:  S-1-5-18   Account Name:  SYSTEM   Account Domain:  NT AUTHORITY   Logon ID:  0x3E7   Linked Logon ID:  0x0   Network Account Name: -   Network Account Domain: -   Logon GUID:  {00000000-0000-0000-0000-000000000000}    Process Information:   Process ID:  0x398   Process Name:  C:\Windows\System32\services.exe    Network Information:   Workstation Name: -   Source Network Address: -   Source Port:  -    Detailed Authentication Information:   Logon Process:  Advapi     Authentication Package: Negotiate   Transited Services: -   Package Name (NTLM only): -   Key Length:  0    This event is generated when a logon session is created. It is generated on the computer that was accessed.    The subject fields indicate the account on the local system which requested the logon. This is most commonly a service such as the Server service, or a local process such as Winlogon.exe or Services.exe.    The logon type field indicates the kind of logon that occurred. The most common types are 2 (interactive) and 3 (network).    The New Logon fields indicate the account for whom the new logon was created, i.e. the account that was logged on.    The network fields indicate where a remote logon request originated. Workstation name is not always available and may be left blank in some cases.    The impersonation level field indicates the extent to which a process in the logon session can impersonate.    The authentication information fields provide detailed information about this specific logon request.   - Logon GUID is a unique identifier that can be used to correlate this event with a KDC event.   - Transited services indicate which intermediate services have participated in this logon request.   - Package name indicates which sub-protocol was used among the NTLM protocols.   - Key length indicates the length of the generated session key. This will be 0 if no session key was requested.	13834
<14>Sep 22 23:06:08 WIN-IKCCUTRJI52 MSWinEventLog	1	Security	24744	Mon Sep 22 23:06:08 2025	4624	Microsoft-Windows-Security-Auditing	N/A	N/A	Success Audit	WIN-IKCCUTRJI52	Audit Policy Change		An account was successfully logged on.    Subject:   Security ID:  S-1-5-18   Account Name:  WIN-IKCCUTRJI52$   Account Domain:  WORKGROUP   Logon ID:  0x3E7    Logon Information:   Logon Type:  5   Restricted Admin Mode: -   Remote Credential Guard: -   Virtual Account:  No   Elevated Token:  Yes    Impersonation Level:  Impersonation    New Logon:   Security ID:  S-1-5-18   Account Name:  SYSTEM   Account Domain:  NT AUTHORITY   Logon ID:  0x3E7   Linked Logon ID:  0x0   Network Account Name: -   Network Account Domain: -   Logon GUID:  {00000000-0000-0000-0000-000000000000}    Process Information:   Process ID:  0x398   Process Name:  C:\Windows\System32\services.exe    Network Information:   Workstation Name: -   Source Network Address: -   Source Port:  -    Detailed Authentication Information:   Logon Process:  Advapi     Authentication Package: Negotiate   Transited Services: -   Package Name (NTLM only): -   Key Length:  0    This event is generated when a logon session is created. It is generated on the computer that was accessed.    The subject fields indicate the account on the local system which requested the logon. This is most commonly a service such as the Server service, or a local process such as Winlogon.exe or Services.exe.    The logon type field indicates the kind of logon that occurred. The most common types are 2 (interactive) and 3 (network).    The New Logon fields indicate the account for whom the new logon was created, i.e. the account that was logged on.    The network fields indicate where a remote logon request originated. Workstation name is not always available and may be left blank in some cases.    The impersonation level field indicates the extent to which a process in the logon session can impersonate.    The authentication information fields provide detailed information about this specific logon request.   - Logon GUID is a unique identifier that can be used to correlate this event with a KDC event.   - Transited services indicate which intermediate services have participated in this logon request.   - Package name indicates which sub-protocol was used among the NTLM protocols.   - Key length indicates the length of the generated session key. This will be 0 if no session key was requested.	13836
<14>Sep 22 23:06:10 WIN-IKCCUTRJI52 MSWinEventLog	1	Security	24752	Mon Sep 22 23:06:10 2025	4624	Microsoft-Windows-Security-Auditing	N/A	N/A	Success Audit	WIN-IKCCUTRJI52	Audit Policy Change		An account was successfully logged on.    Subject:   Security ID:  S-1-5-18   Account Name:  WIN-IKCCUTRJI52$   Account Domain:  WORKGROUP   Logon ID:  0x3E7    Logon Information:   Logon Type:  5   Restricted Admin Mode: -   Remote Credential Guard: -   Virtual Account:  No   Elevated Token:  Yes    Impersonation Level:  Impersonation    New Logon:   Security ID:  S-1-5-18   Account Name:  SYSTEM   Account Domain:  NT AUTHORITY   Logon ID:  0x3E7   Linked Logon ID:  0x0   Network Account Name: -   Network Account Domain: -   Logon GUID:  {00000000-0000-0000-0000-000000000000}    Process Information:   Process ID:  0x398   Process Name:  C:\Windows\System32\services.exe    Network Information:   Workstation Name: -   Source Network Address: -   Source Port:  -    Detailed Authentication Information:   Logon Process:  Advapi     Authentication Package: Negotiate   Transited Services: -   Package Name (NTLM only): -   Key Length:  0    This event is generated when a logon session is created. It is generated on the computer that was accessed.    The subject fields indicate the account on the local system which requested the logon. This is most commonly a service such as the Server service, or a local process such as Winlogon.exe or Services.exe.    The logon type field indicates the kind of logon that occurred. The most common types are 2 (interactive) and 3 (network).    The New Logon fields indicate the account for whom the new logon was created, i.e. the account that was logged on.    The network fields indicate where a remote logon request originated. Workstation name is not always available and may be left blank in some cases.    The impersonation level field indicates the extent to which a process in the logon session can impersonate.    The authentication information fields provide detailed information about this specific logon request.   - Logon GUID is a unique identifier that can be used to correlate this event with a KDC event.   - Transited services indicate which intermediate services have participated in this logon request.   - Package name indicates which sub-protocol was used among the NTLM protocols.   - Key length indicates the length of the generated session key. This will be 0 if no session key was requested.	13838
<14>Sep 22 23:06:15 WIN-IKCCUTRJI52 MSWinEventLog	1	Security	24761	Mon Sep 22 23:06:15 2025	4624	Microsoft-Windows-Security-Auditing	N/A	N/A	Success Audit	WIN-IKCCUTRJI52	Audit Policy Change		An account was successfully logged on.    Subject:   Security ID:  S-1-5-18   Account Name:  WIN-IKCCUTRJI52$   Account Domain:  WORKGROUP   Logon ID:  0x3E7    Logon Information:   Logon Type:  5   Restricted Admin Mode: -   Remote Credential Guard: -   Virtual Account:  No   Elevated Token:  Yes    Impersonation Level:  Impersonation    New Logon:   Security ID:  S-1-5-18   Account Name:  SYSTEM   Account Domain:  NT AUTHORITY   Logon ID:  0x3E7   Linked Logon ID:  0x0   Network Account Name: -   Network Account Domain: -   Logon GUID:  {00000000-0000-0000-0000-000000000000}    Process Information:   Process ID:  0x398   Process Name:  C:\Windows\System32\services.exe    Network Information:   Workstation Name: -   Source Network Address: -   Source Port:  -    Detailed Authentication Information:   Logon Process:  Advapi     Authentication Package: Negotiate   Transited Services: -   Package Name (NTLM only): -   Key Length:  0    This event is generated when a logon session is created. It is generated on the computer that was accessed.    The subject fields indicate the account on the local system which requested the logon. This is most commonly a service such as the Server service, or a local process such as Winlogon.exe or Services.exe.    The logon type field indicates the kind of logon that occurred. The most common types are 2 (interactive) and 3 (network).    The New Logon fields indicate the account for whom the new logon was created, i.e. the account that was logged on.    The network fields indicate where a remote logon request originated. Workstation name is not always available and may be left blank in some cases.    The impersonation level field indicates the extent to which a process in the logon session can impersonate.    The authentication information fields provide detailed information about this specific logon request.   - Logon GUID is a unique identifier that can be used to correlate this event with a KDC event.   - Transited services indicate which intermediate services have participated in this logon request.   - Package name indicates which sub-protocol was used among the NTLM protocols.   - Key length indicates the length of the generated session key. This will be 0 if no session key was requested.	13840
<14>Sep 22 23:06:16 WIN-IKCCUTRJI52 MSWinEventLog	1	Security	24801	Mon Sep 22 23:06:16 2025	4624	Microsoft-Windows-Security-Auditing	N/A	N/A	Success Audit	WIN-IKCCUTRJI52	Audit Policy Change		An account was successfully logged on.    Subject:   Security ID:  S-1-5-18   Account Name:  WIN-IKCCUTRJI52$   Account Domain:  WORKGROUP   Logon ID:  0x3E7    Logon Information:   Logon Type:  5   Restricted Admin Mode: -   Remote Credential Guard: -   Virtual Account:  No   Elevated Token:  Yes    Impersonation Level:  Impersonation    New Logon:   Security ID:  S-1-5-18   Account Name:  SYSTEM   Account Domain:  NT AUTHORITY   Logon ID:  0x3E7   Linked Logon ID:  0x0   Network Account Name: -   Network Account Domain: -   Logon GUID:  {00000000-0000-0000-0000-000000000000}    Process Information:   Process ID:  0x398   Process Name:  C:\Windows\System32\services.exe    Network Information:   Workstation Name: -   Source Network Address: -   Source Port:  -    Detailed Authentication Information:   Logon Process:  Advapi     Authentication Package: Negotiate   Transited Services: -   Package Name (NTLM only): -   Key Length:  0    This event is generated when a logon session is created. It is generated on the computer that was accessed.    The subject fields indicate the account on the local system which requested the logon. This is most commonly a service such as the Server service, or a local process such as Winlogon.exe or Services.exe.    The logon type field indicates the kind of logon that occurred. The most common types are 2 (interactive) and 3 (network).    The New Logon fields indicate the account for whom the new logon was created, i.e. the account that was logged on.    The network fields indicate where a remote logon request originated. Workstation name is not always available and may be left blank in some cases.    The impersonation level field indicates the extent to which a process in the logon session can impersonate.    The authentication information fields provide detailed information about this specific logon request.   - Logon GUID is a unique identifier that can be used to correlate this event with a KDC event.   - Transited services indicate which intermediate services have participated in this logon request.   - Package name indicates which sub-protocol was used among the NTLM protocols.   - Key length indicates the length of the generated session key. This will be 0 if no session key was requested.	13843
<14>Sep 22 23:08:01 WIN-IKCCUTRJI52 MSWinEventLog	1	Security	34770	Mon Sep 22 23:08:01 2025	4624	Microsoft-Windows-Security-Auditing	N/A	N/A	Success Audit	WIN-IKCCUTRJI52	Audit Policy Change		An account was successfully logged on.    Subject:   Security ID:  S-1-0-0   Account Name:  -   Account Domain:  -   Logon ID:  0x0    Logon Information:   Logon Type:  0   Restricted Admin Mode: -   Remote Credential Guard: -   Virtual Account:  No   Elevated Token:  Yes    Impersonation Level:  -    New Logon:   Security ID:  S-1-5-18   Account Name:  SYSTEM   Account Domain:  NT AUTHORITY   Logon ID:  0x3E7   Linked Logon ID:  0x0   Network Account Name: -   Network Account Domain: -   Logon GUID:  {00000000-0000-0000-0000-000000000000}    Process Information:   Process ID:  0x4   Process Name:      Network Information:   Workstation Name: -   Source Network Address: -   Source Port:  -    Detailed Authentication Information:   Logon Process:  -   Authentication Package: -   Transited Services: -   Package Name (NTLM only): -   Key Length:  0    This event is generated when a logon session is created. It is generated on the computer that was accessed.    The subject fields indicate the account on the local system which requested the logon. This is most commonly a service such as the Server service, or a local process such as Winlogon.exe or Services.exe.    The logon type field indicates the kind of logon that occurred. The most common types are 2 (interactive) and 3 (network).    The New Logon fields indicate the account for whom the new logon was created, i.e. the account that was logged on.    The network fields indicate where a remote logon request originated. Workstation name is not always available and may be left blank in some cases.    The impersonation level field indicates the extent to which a process in the logon session can impersonate.    The authentication information fields provide detailed information about this specific logon request.   - Logon GUID is a unique identifier that can be used to correlate this event with a KDC event.   - Transited services indicate which intermediate services have participated in this logon request.   - Package name indicates which sub-protocol was used among the NTLM protocols.   - Key length indicates the length of the generated session key. This will be 0 if no session key was requested.	23128
<14>Sep 22 23:08:01 WIN-IKCCUTRJI52 MSWinEventLog	1	Security	34774	Mon Sep 22 23:08:01 2025	4624	Microsoft-Windows-Security-Auditing	N/A	N/A	Success Audit	WIN-IKCCUTRJI52	Audit Policy Change		An account was successfully logged on.    Subject:   Security ID:  S-1-5-18   Account Name:  WIN-IKCCUTRJI52$   Account Domain:  WORKGROUP   Logon ID:  0x3E7    Logon Information:   Logon Type:  5   Restricted Admin Mode: -   Remote Credential Guard: -   Virtual Account:  No   Elevated Token:  Yes    Impersonation Level:  Impersonation    New Logon:   Security ID:  S-1-5-18   Account Name:  SYSTEM   Account Domain:  NT AUTHORITY   Logon ID:  0x3E7   Linked Logon ID:  0x0   Network Account Name: -   Network Account Domain: -   Logon GUID:  {00000000-0000-0000-0000-000000000000}    Process Information:   Process ID:  0x3b4   Process Name:  C:\Windows\System32\services.exe    Network Information:   Workstation Name: -   Source Network Address: -   Source Port:  -    Detailed Authentication Information:   Logon Process:  Advapi     Authentication Package: Negotiate   Transited Services: -   Package Name (NTLM only): -   Key Length:  0    This event is generated when a logon session is created. It is generated on the computer that was accessed.    The subject fields indicate the account on the local system which requested the logon. This is most commonly a service such as the Server service, or a local process such as Winlogon.exe or Services.exe.    The logon type field indicates the kind of logon that occurred. The most common types are 2 (interactive) and 3 (network).    The New Logon fields indicate the account for whom the new logon was created, i.e. the account that was logged on.    The network fields indicate where a remote logon request originated. Workstation name is not always available and may be left blank in some cases.    The impersonation level field indicates the extent to which a process in the logon session can impersonate.    The authentication information fields provide detailed information about this specific logon request.   - Logon GUID is a unique identifier that can be used to correlate this event with a KDC event.   - Transited services indicate which intermediate services have participated in this logon request.   - Package name indicates which sub-protocol was used among the NTLM protocols.   - Key length indicates the length of the generated session key. This will be 0 if no session key was requested.	23132
<14>Sep 22 23:06:15 WIN-IKCCUTRJI52 MSWinEventLog	1	Security	24763	Mon Sep 22 23:06:15 2025	4647	Microsoft-Windows-Security-Auditing	N/A	N/A	Success Audit	WIN-IKCCUTRJI52	Audit Policy Change		User initiated logoff:    Subject:   Security ID:  S-1-5-21-3794409514-3439645202-311151782-1000   Account Name:  al   Account Domain:  WIN-IKCCUTRJI52   Logon ID:  0x44D61    This event is generated when a logoff is initiated. No further user-initiated activity can occur. This event can be interpreted as a logoff event.	13842
<14>Sep 22 23:08:01 WIN-IKCCUTRJI52 MSWinEventLog	1	Security	34772	Mon Sep 22 23:08:01 2025	4648	Microsoft-Windows-Security-Auditing	N/A	N/A	Success Audit	WIN-IKCCUTRJI52	Audit Policy Change		A logon was attempted using explicit credentials.    Subject:   Security ID:  S-1-5-18   Account Name:  WIN-IKCCUTRJI52$   Account Domain:  WORKGROUP   Logon ID:  0x3E7   Logon GUID:  {00000000-0000-0000-0000-000000000000}    Account Whose Credentials Were Used:   Account Name:  UMFD-1   Account Domain:  Font Driver Host   Logon GUID:  {00000000-0000-0000-0000-000000000000}    Target Server:   Target Server Name: localhost   Additional Information: localhost    Process Information:   Process ID:  0x368   Process Name:  C:\Windows\System32\winlogon.exe    Network Information:   Network Address: -   Port:   -    This event is generated when a process attempts to log on an account by explicitly specifying that account窶冱 credentials.  This most commonly occurs in batch-type configurations such as scheduled tasks, or when using the RUNAS command.	23130
<14>Sep 22 23:08:01 WIN-IKCCUTRJI52 MSWinEventLog	1	Security	34773	Mon Sep 22 23:08:01 2025	4648	Microsoft-Windows-Security-Auditing	N/A	N/A	Success Audit	WIN-IKCCUTRJI52	Audit Policy Change		A logon was attempted using explicit credentials.    Subject:   Security ID:  S-1-5-18   Account Name:  WIN-IKCCUTRJI52$   Account Domain:  WORKGROUP   Logon ID:  0x3E7   Logon GUID:  {00000000-0000-0000-0000-000000000000}    Account Whose Credentials Were Used:   Account Name:  UMFD-0   Account Domain:  Font Driver Host   Logon GUID:  {00000000-0000-0000-0000-000000000000}    Target Server:   Target Server Name: localhost   Additional Information: localhost    Process Information:   Process ID:  0x31c   Process Name:  C:\Windows\System32\wininit.exe    Network Information:   Network Address: -   Port:   -    This event is generated when a process attempts to log on an account by explicitly specifying that account窶冱 credentials.  This most commonly occurs in batch-type configurations such as scheduled tasks, or when using the RUNAS command.	23131
<14>Sep 22 23:08:02 WIN-IKCCUTRJI52 MSWinEventLog	1	Security	34783	Mon Sep 22 23:08:02 2025	4648	Microsoft-Windows-Security-Auditing	N/A	N/A	Success Audit	WIN-IKCCUTRJI52	Audit Policy Change		A logon was attempted using explicit credentials.    Subject:   Security ID:  S-1-5-18   Account Name:  WIN-IKCCUTRJI52$   Account Domain:  WORKGROUP   Logon ID:  0x3E7   Logon GUID:  {00000000-0000-0000-0000-000000000000}    Account Whose Credentials Were Used:   Account Name:  DWM-1   Account Domain:  Window Manager   Logon GUID:  {00000000-0000-0000-0000-000000000000}    Target Server:   Target Server Name: localhost   Additional Information: localhost    Process Information:   Process ID:  0x368   Process Name:  C:\Windows\System32\winlogon.exe    Network Information:   Network Address: -   Port:   -    This event is generated when a process attempts to log on an account by explicitly specifying that account窶冱 credentials.  This most commonly occurs in batch-type configurations such as scheduled tasks, or when using the RUNAS command.	23140
<14>Sep 22 23:10:18 WIN-IKCCUTRJI52 MSWinEventLog	1	Security	35986	Mon Sep 22 23:10:18 2025	4648	Microsoft-Windows-Security-Auditing	N/A	N/A	Success Audit	WIN-IKCCUTRJI52	Audit Policy Change		A logon was attempted using explicit credentials.    Subject:   Security ID:  S-1-5-18   Account Name:  WIN-IKCCUTRJI52$   Account Domain:  WORKGROUP   Logon ID:  0x3E7   Logon GUID:  {00000000-0000-0000-0000-000000000000}    Account Whose Credentials Were Used:   Account Name:  UMFD-0   Account Domain:  Font Driver Host   Logon GUID:  {00000000-0000-0000-0000-000000000000}    Target Server:   Target Server Name: localhost   Additional Information: localhost    Process Information:   Process ID:  0x310   Process Name:  C:\Windows\System32\wininit.exe    Network Information:   Network Address: -   Port:   -    This event is generated when a process attempts to log on an account by explicitly specifying that account窶冱 credentials.  This most commonly occurs in batch-type configurations such as scheduled tasks, or when using the RUNAS command.	23257
<14>Sep 22 23:10:18 WIN-IKCCUTRJI52 MSWinEventLog	1	Security	35990	Mon Sep 22 23:10:18 2025	4648	Microsoft-Windows-Security-Auditing	N/A	N/A	Success Audit	WIN-IKCCUTRJI52	Audit Policy Change		A logon was attempted using explicit credentials.    Subject:   Security ID:  S-1-5-18   Account Name:  WIN-IKCCUTRJI52$   Account Domain:  WORKGROUP   Logon ID:  0x3E7   Logon GUID:  {00000000-0000-0000-0000-000000000000}    Account Whose Credentials Were Used:   Account Name:  UMFD-1   Account Domain:  Font Driver Host   Logon GUID:  {00000000-0000-0000-0000-000000000000}    Target Server:   Target Server Name: localhost   Additional Information: localhost    Process Information:   Process ID:  0x358   Process Name:  C:\Windows\System32\winlogon.exe    Network Information:   Network Address: -   Port:   -    This event is generated when a process attempts to log on an account by explicitly specifying that account窶冱 credentials.  This most commonly occurs in batch-type configurations such as scheduled tasks, or when using the RUNAS command.	23261
<14>Sep 22 23:10:19 WIN-IKCCUTRJI52 MSWinEventLog	1	Security	35997	Mon Sep 22 23:10:19 2025	4648	Microsoft-Windows-Security-Auditing	N/A	N/A	Success Audit	WIN-IKCCUTRJI52	Audit Policy Change		A logon was attempted using explicit credentials.    Subject:   Security ID:  S-1-5-18   Account Name:  WIN-IKCCUTRJI52$   Account Domain:  WORKGROUP   Logon ID:  0x3E7   Logon GUID:  {00000000-0000-0000-0000-000000000000}    Account Whose Credentials Were Used:   Account Name:  DWM-1   Account Domain:  Window Manager   Logon GUID:  {00000000-0000-0000-0000-000000000000}    Target Server:   Target Server Name: localhost   Additional Information: localhost    Process Information:   Process ID:  0x358   Process Name:  C:\Windows\System32\winlogon.exe    Network Information:   Network Address: -   Port:   -    This event is generated when a process attempts to log on an account by explicitly specifying that account窶冱 credentials.  This most commonly occurs in batch-type configurations such as scheduled tasks, or when using the RUNAS command.	23267
<14>Sep 22 23:10:26 WIN-IKCCUTRJI52 MSWinEventLog	1	Security	36366	Mon Sep 22 23:10:26 2025	4648	Microsoft-Windows-Security-Auditing	N/A	N/A	Success Audit	WIN-IKCCUTRJI52	Audit Policy Change		A logon was attempted using explicit credentials.    Subject:   Security ID:  S-1-5-18   Account Name:  WIN-IKCCUTRJI52$   Account Domain:  WORKGROUP   Logon ID:  0x3E7   Logon GUID:  {00000000-0000-0000-0000-000000000000}    Account Whose Credentials Were Used:   Account Name:  al   Account Domain:  WIN-IKCCUTRJI52   Logon GUID:  {00000000-0000-0000-0000-000000000000}    Target Server:   Target Server Name: localhost   Additional Information: localhost    Process Information:   Process ID:  0xa14   Process Name:  C:\Windows\System32\svchost.exe    Network Information:   Network Address: 127.0.0.1   Port:   0    This event is generated when a process attempts to log on an account by explicitly specifying that account窶冱 credentials.  This most commonly occurs in batch-type configurations such as scheduled tasks, or when using the RUNAS command.	23348
<14>Sep 22 22:49:23 WIN-IKCCUTRJI52 MSWinEventLog	1	Security	23944	Mon Sep 22 22:49:23 2025	4672	Microsoft-Windows-Security-Auditing	N/A	N/A	Success Audit	WIN-IKCCUTRJI52	Audit Policy Change		Special privileges assigned to new logon.    Subject:   Security ID:  S-1-5-18   Account Name:  SYSTEM   Account Domain:  NT AUTHORITY   Logon ID:  0x3E7    Privileges:  SeAssignPrimaryTokenPrivilege     SeTcbPrivilege     SeSecurityPrivilege     SeTakeOwnershipPrivilege     SeLoadDriverPrivilege     SeBackupPrivilege     SeRestorePrivilege     SeDebugPrivilege     SeAuditPrivilege     SeSystemEnvironmentPrivilege     SeImpersonatePrivilege     SeDelegateSessionUserImpersonatePrivilege	13829
<14>Sep 22 23:06:07 WIN-IKCCUTRJI52 MSWinEventLog	1	Security	24734	Mon Sep 22 23:06:07 2025	4672	Microsoft-Windows-Security-Auditing	N/A	N/A	Success Audit	WIN-IKCCUTRJI52	Audit Policy Change		Special privileges assigned to new logon.    Subject:   Security ID:  S-1-5-18   Account Name:  SYSTEM   Account Domain:  NT AUTHORITY   Logon ID:  0x3E7    Privileges:  SeAssignPrimaryTokenPrivilege     SeTcbPrivilege     SeSecurityPrivilege     SeTakeOwnershipPrivilege     SeLoadDriverPrivilege     SeBackupPrivilege     SeRestorePrivilege     SeDebugPrivilege     SeAuditPrivilege     SeSystemEnvironmentPrivilege     SeImpersonatePrivilege     SeDelegateSessionUserImpersonatePrivilege	13831
<14>Sep 22 23:06:07 WIN-IKCCUTRJI52 MSWinEventLog	1	Security	24739	Mon Sep 22 23:06:07 2025	4672	Microsoft-Windows-Security-Auditing	N/A	N/A	Success Audit	WIN-IKCCUTRJI52	Audit Policy Change		Special privileges assigned to new logon.    Subject:   Security ID:  S-1-5-18   Account Name:  SYSTEM   Account Domain:  NT AUTHORITY   Logon ID:  0x3E7    Privileges:  SeAssignPrimaryTokenPrivilege     SeTcbPrivilege     SeSecurityPrivilege     SeTakeOwnershipPrivilege     SeLoadDriverPrivilege     SeBackupPrivilege     SeRestorePrivilege     SeDebugPrivilege     SeAuditPrivilege     SeSystemEnvironmentPrivilege     SeImpersonatePrivilege     SeDelegateSessionUserImpersonatePrivilege	13833
<14>Sep 22 23:06:07 WIN-IKCCUTRJI52 MSWinEventLog	1	Security	24741	Mon Sep 22 23:06:07 2025	4672	Microsoft-Windows-Security-Auditing	N/A	N/A	Success Audit	WIN-IKCCUTRJI52	Audit Policy Change		Special privileges assigned to new logon.    Subject:   Security ID:  S-1-5-18   Account Name:  SYSTEM   Account Domain:  NT AUTHORITY   Logon ID:  0x3E7    Privileges:  SeAssignPrimaryTokenPrivilege     SeTcbPrivilege     SeSecurityPrivilege     SeTakeOwnershipPrivilege     SeLoadDriverPrivilege     SeBackupPrivilege     SeRestorePrivilege     SeDebugPrivilege     SeAuditPrivilege     SeSystemEnvironmentPrivilege     SeImpersonatePrivilege     SeDelegateSessionUserImpersonatePrivilege	13835
<14>Sep 22 23:06:08 WIN-IKCCUTRJI52 MSWinEventLog	1	Security	24745	Mon Sep 22 23:06:08 2025	4672	Microsoft-Windows-Security-Auditing	N/A	N/A	Success Audit	WIN-IKCCUTRJI52	Audit Policy Change		Special privileges assigned to new logon.    Subject:   Security ID:  S-1-5-18   Account Name:  SYSTEM   Account Domain:  NT AUTHORITY   Logon ID:  0x3E7    Privileges:  SeAssignPrimaryTokenPrivilege     SeTcbPrivilege     SeSecurityPrivilege     SeTakeOwnershipPrivilege     SeLoadDriverPrivilege     SeBackupPrivilege     SeRestorePrivilege     SeDebugPrivilege     SeAuditPrivilege     SeSystemEnvironmentPrivilege     SeImpersonatePrivilege     SeDelegateSessionUserImpersonatePrivilege	13837
<14>Sep 22 23:06:10 WIN-IKCCUTRJI52 MSWinEventLog	1	Security	24753	Mon Sep 22 23:06:10 2025	4672	Microsoft-Windows-Security-Auditing	N/A	N/A	Success Audit	WIN-IKCCUTRJI52	Audit Policy Change		Special privileges assigned to new logon.    Subject:   Security ID:  S-1-5-18   Account Name:  SYSTEM   Account Domain:  NT AUTHORITY   Logon ID:  0x3E7    Privileges:  SeAssignPrimaryTokenPrivilege     SeTcbPrivilege     SeSecurityPrivilege     SeTakeOwnershipPrivilege     SeLoadDriverPrivilege     SeBackupPrivilege     SeRestorePrivilege     SeDebugPrivilege     SeAuditPrivilege     SeSystemEnvironmentPrivilege     SeImpersonatePrivilege     SeDelegateSessionUserImpersonatePrivilege	13839
<14>Sep 22 23:06:15 WIN-IKCCUTRJI52 MSWinEventLog	1	Security	24762	Mon Sep 22 23:06:15 2025	4672	Microsoft-Windows-Security-Auditing	N/A	N/A	Success Audit	WIN-IKCCUTRJI52	Audit Policy Change		Special privileges assigned to new logon.    Subject:   Security ID:  S-1-5-18   Account Name:  SYSTEM   Account Domain:  NT AUTHORITY   Logon ID:  0x3E7    Privileges:  SeAssignPrimaryTokenPrivilege     SeTcbPrivilege     SeSecurityPrivilege     SeTakeOwnershipPrivilege     SeLoadDriverPrivilege     SeBackupPrivilege     SeRestorePrivilege     SeDebugPrivilege     SeAuditPrivilege     SeSystemEnvironmentPrivilege     SeImpersonatePrivilege     SeDelegateSessionUserImpersonatePrivilege	13841
<14>Sep 22 23:06:16 WIN-IKCCUTRJI52 MSWinEventLog	1	Security	24802	Mon Sep 22 23:06:16 2025	4672	Microsoft-Windows-Security-Auditing	N/A	N/A	Success Audit	WIN-IKCCUTRJI52	Audit Policy Change		Special privileges assigned to new logon.    Subject:   Security ID:  S-1-5-18   Account Name:  SYSTEM   Account Domain:  NT AUTHORITY   Logon ID:  0x3E7    Privileges:  SeAssignPrimaryTokenPrivilege     SeTcbPrivilege     SeSecurityPrivilege     SeTakeOwnershipPrivilege     SeLoadDriverPrivilege     SeBackupPrivilege     SeRestorePrivilege     SeDebugPrivilege     SeAuditPrivilege     SeSystemEnvironmentPrivilege     SeImpersonatePrivilege     SeDelegateSessionUserImpersonatePrivilege	13844
<14>Sep 22 23:08:01 WIN-IKCCUTRJI52 MSWinEventLog	1	Security	34775	Mon Sep 22 23:08:01 2025	4672	Microsoft-Windows-Security-Auditing	N/A	N/A	Success Audit	WIN-IKCCUTRJI52	Audit Policy Change		Special privileges assigned to new logon.    Subject:   Security ID:  S-1-5-18   Account Name:  SYSTEM   Account Domain:  NT AUTHORITY   Logon ID:  0x3E7    Privileges:  SeAssignPrimaryTokenPrivilege     SeTcbPrivilege     SeSecurityPrivilege     SeTakeOwnershipPrivilege     SeLoadDriverPrivilege     SeBackupPrivilege     SeRestorePrivilege     SeDebugPrivilege     SeAuditPrivilege     SeSystemEnvironmentPrivilege     SeImpersonatePrivilege     SeDelegateSessionUserImpersonatePrivilege	23133
<14>Sep 22 23:08:01 WIN-IKCCUTRJI52 MSWinEventLog	1	Security	34779	Mon Sep 22 23:08:01 2025	4672	Microsoft-Windows-Security-Auditing	N/A	N/A	Success Audit	WIN-IKCCUTRJI52	Audit Policy Change		Special privileges assigned to new logon.    Subject:   Security ID:  S-1-5-20   Account Name:  NETWORK SERVICE   Account Domain:  NT AUTHORITY   Logon ID:  0x3E4    Privileges:  SeAssignPrimaryTokenPrivilege     SeAuditPrivilege     SeImpersonatePrivilege	23137
<14>Sep 22 23:08:00 WIN-IKCCUTRJI52 MSWinEventLog	1	Security	34725	Mon Sep 22 23:08:00 2025	4688	Microsoft-Windows-Security-Auditing	N/A	N/A	Success Audit	WIN-IKCCUTRJI52	Audit Policy Change		A new process has been created.    Creator Subject:   Security ID:  S-1-5-18   Account Name:  -   Account Domain:  -   Logon ID:  0x3E7    Target Subject:   Security ID:  S-1-0-0   Account Name:  -   Account Domain:  -   Logon ID:  0x0    Process Information:   New Process ID:  0xac   New Process Name: Registry   Token Elevation Type: TokenElevationTypeDefault (1)   Mandatory Label:  S-1-16-16384   Creator Process ID: 0x4   Creator Process Name:    Process Command Line:     Token Elevation Type indicates the type of token that was assigned to the new process in accordance with User Account Control policy.    Type 1 is a full token with no privileges removed or groups disabled.  A full token is only used if User Account Control is disabled or if the user is the built-in Administrator account or a service account.    Type 2 is an elevated token with no privileges removed or groups disabled.  An elevated token is used when User Account Control is enabled and the user chooses to start the program using Run as administrator.  An elevated token is also used when an application is configured to always require administrative privilege or to always require maximum privilege, and the user is a member of the Administrators group.    Type 3 is a limited token with administrative privileges removed and administrative groups disabled.  The limited token is used when User Account Control is enabled, the application does not require administrative privilege, and the user does not choose to start the program using Run as administrator.	23113
<14>Sep 22 23:08:00 WIN-IKCCUTRJI52 MSWinEventLog	1	Security	34728	Mon Sep 22 23:08:00 2025	4688	Microsoft-Windows-Security-Auditing	N/A	N/A	Success Audit	WIN-IKCCUTRJI52	Audit Policy Change		A new process has been created.    Creator Subject:   Security ID:  S-1-5-18   Account Name:  -   Account Domain:  -   Logon ID:  0x3E7    Target Subject:   Security ID:  S-1-0-0   Account Name:  -   Account Domain:  -   Logon ID:  0x0    Process Information:   New Process ID:  0x200   New Process Name: C:\Windows\System32\smss.exe   Token Elevation Type: TokenElevationTypeDefault (1)   Mandatory Label:  S-1-16-16384   Creator Process ID: 0x4   Creator Process Name:    Process Command Line:     Token Elevation Type indicates the type of token that was assigned to the new process in accordance with User Account Control policy.    Type 1 is a full token with no privileges removed or groups disabled.  A full token is only used if User Account Control is disabled or if the user is the built-in Administrator account or a service account.    Type 2 is an elevated token with no privileges removed or groups disabled.  An elevated token is used when User Account Control is enabled and the user chooses to start the program using Run as administrator.  An elevated token is also used when an application is configured to always require administrative privilege or to always require maximum privilege, and the user is a member of the Administrators group.    Type 3 is a limited token with administrative privileges removed and administrative groups disabled.  The limited token is used when User Account Control is enabled, the application does not require administrative privilege, and the user does not choose to start the program using Run as administrator.	23116
<14>Sep 22 23:08:00 WIN-IKCCUTRJI52 MSWinEventLog	1	Security	34748	Mon Sep 22 23:08:00 2025	4688	Microsoft-Windows-Security-Auditing	N/A	N/A	Success Audit	WIN-IKCCUTRJI52	Audit Policy Change		A new process has been created.    Creator Subject:   Security ID:  S-1-5-18   Account Name:  -   Account Domain:  -   Logon ID:  0x3E7    Target Subject:   Security ID:  S-1-0-0   Account Name:  -   Account Domain:  -   Logon ID:  0x0    Process Information:   New Process ID:  0x22c   New Process Name: C:\Windows\System32\autochk.exe   Token Elevation Type: TokenElevationTypeDefault (1)   Mandatory Label:  S-1-16-16384   Creator Process ID: 0x200   Creator Process Name: C:\Windows\System32\smss.exe   Process Command Line:     Token Elevation Type indicates the type of token that was assigned to the new process in accordance with User Account Control policy.    Type 1 is a full token with no privileges removed or groups disabled.  A full token is only used if User Account Control is disabled or if the user is the built-in Administrator account or a service account.    Type 2 is an elevated token with no privileges removed or groups disabled.  An elevated token is used when User Account Control is enabled and the user chooses to start the program using Run as administrator.  An elevated token is also used when an application is configured to always require administrative privilege or to always require maximum privilege, and the user is a member of the Administrators group.    Type 3 is a limited token with administrative privileges removed and administrative groups disabled.  The limited token is used when User Account Control is enabled, the application does not require administrative privilege, and the user does not choose to start the program using Run as administrator.	23117
<14>Sep 22 23:08:01 WIN-IKCCUTRJI52 MSWinEventLog	1	Security	34760	Mon Sep 22 23:08:01 2025	4688	Microsoft-Windows-Security-Auditing	N/A	N/A	Success Audit	WIN-IKCCUTRJI52	Audit Policy Change		A new process has been created.    Creator Subject:   Security ID:  S-1-5-18   Account Name:  -   Account Domain:  -   Logon ID:  0x3E7    Target Subject:   Security ID:  S-1-0-0   Account Name:  -   Account Domain:  -   Logon ID:  0x0    Process Information:   New Process ID:  0x2a8   New Process Name: C:\Windows\System32\smss.exe   Token Elevation Type: TokenElevationTypeDefault (1)   Mandatory Label:  S-1-16-16384   Creator Process ID: 0x200   Creator Process Name: C:\Windows\System32\smss.exe   Process Command Line:     Token Elevation Type indicates the type of token that was assigned to the new process in accordance with User Account Control policy.    Type 1 is a full token with no privileges removed or groups disabled.  A full token is only used if User Account Control is disabled or if the user is the built-in Administrator account or a service account.    Type 2 is an elevated token with no privileges removed or groups disabled.  An elevated token is used when User Account Control is enabled and the user chooses to start the program using Run as administrator.  An elevated token is also used when an application is configured to always require administrative privilege or to always require maximum privilege, and the user is a member of the Administrators group.    Type 3 is a limited token with administrative privileges removed and administrative groups disabled.  The limited token is used when User Account Control is enabled, the application does not require administrative privilege, and the user does not choose to start the program using Run as administrator.	23118
