<14>Sep 17 07:47:59 WIN-5SB1I3G0V7U MSWinEventLog	1	Security	9477	Fri Sep 17 07:47:59 2021	5890	Microsoft-Windows-Security-Auditing	N/A	N/A	Success Audit	WIN-5SB1I3G0V7U	System Integrity		An object was added to the COM+ Catalog.    Subject:   Security ID:  S-1-5-18   Account Name:  SYSTEM   Account Domain:  NT AUTHORITY   Logon ID:  0x3E7    Object:   COM+ Catalog Collection: UsersInRole   Object Name:       ApplId = {D2F158BC-04BF-427F-B93F-5C2D2C71910C}    Name = Administrators    User = SYSTEM   Object Details:       <null>	492
<14>Mar  2 08:02:43 WIN-5SB1I3G0V7U MSWinEventLog	1	Security	23427	Wed Mar 02 08:02:43 2022	5890	Microsoft-Windows-Security-Auditing	N/A	N/A	Success Audit	WIN-5SB1I3G0V7U	System Integrity		An object was added to the COM+ Catalog.    Subject:   Security ID:  S-1-5-18   Account Name:  SYSTEM   Account Domain:  NT AUTHORITY   Logon ID:  0x3E7    Object:   COM+ Catalog Collection: Applications   Object Name:       ID = {3ECE78CA-F329-4C43-8B57-B8CD7074956B}    AppPartitionID = {41E90F3E-56C1-4633-81C3-6E8BAC8BDD70}   Object Details:       Name = VMware Snapshot Provider    ApplicationProxyServerName =     ProcessType = 2    CommandLine =     ServiceName =     RunAsUserType = 1    Identity = Interactive User    Description = VMware Snapshot Provider    IsSystem = N    Authentication = 6    ShutdownAfter = 3    RunForever = N    Password = ********    Activation = Local    Changeable = Y    Deleteable = Y    CreatedBy =     AccessChecksLevel = 1    ApplicationAccessChecksEnabled = 0    cCOL_SecurityDescriptor = <Opaque>    ImpersonationLevel = 2    AuthenticationCapability = 2    CRMEnabled = 0    3GigSupportEnabled = 0    QueuingEnabled = 0    QueueListenerEnabled = N    EventsEnabled = 1    ProcessFlags = 0    ThreadMax = 0    ApplicationProxy = 0    CRMLogFile =     DumpEnabled = 0    DumpOnException = 0    DumpOnFailfast = 0    MaxDumpCount = 5    DumpPath = %systemroot%\system32\com\dmp    IsEnabled = 1    ConcurrentApps = 1    RecycleLifetimeLimit = 0    RecycleCallLimit = 0    RecycleActivationLimit = 0    RecycleMemoryLimit = 0    RecycleExpirationTimeout = 15    QCListenerMaxThreads = 0    QCAuthenticateMsgs = 0    ApplicationDirectory =     SRPTrustLevel = 262144    SRPEnabled = 0    SoapActivated = 0    SoapVRoot =     SoapMailTo =     SoapBaseUrl =     Replicable = 1	3455
<14>Mar  2 08:02:44 WIN-5SB1I3G0V7U MSWinEventLog	1	Security	23429	Wed Mar 02 08:02:44 2022	5890	Microsoft-Windows-Security-Auditing	N/A	N/A	Success Audit	WIN-5SB1I3G0V7U	System Integrity		An object was added to the COM+ Catalog.    Subject:   Security ID:  S-1-5-18   Account Name:  SYSTEM   Account Domain:  NT AUTHORITY   Logon ID:  0x3E7    Object:   COM+ Catalog Collection: Roles   Object Name:       ApplId = {3ECE78CA-F329-4C43-8B57-B8CD7074956B}    Name = Administrators   Object Details:       Description = Administrators group	3456
<14>Mar  2 08:02:44 WIN-5SB1I3G0V7U MSWinEventLog	1	Security	23438	Wed Mar 02 08:02:44 2022	5890	Microsoft-Windows-Security-Auditing	N/A	N/A	Success Audit	WIN-5SB1I3G0V7U	System Integrity		An object was added to the COM+ Catalog.    Subject:   Security ID:  S-1-5-18   Account Name:  SYSTEM   Account Domain:  NT AUTHORITY   Logon ID:  0x3E7    Object:   COM+ Catalog Collection: UsersInRole   Object Name:       ApplId = {3ECE78CA-F329-4C43-8B57-B8CD7074956B}    Name = Administrators    User = .\Administrators   Object Details:       <null>	3465
<14>Mar  2 08:02:44 WIN-5SB1I3G0V7U MSWinEventLog	1	Security	23439	Wed Mar 02 08:02:44 2022	5890	Microsoft-Windows-Security-Auditing	N/A	N/A	Success Audit	WIN-5SB1I3G0V7U	System Integrity		An object was added to the COM+ Catalog.    Subject:   Security ID:  S-1-5-18   Account Name:  SYSTEM   Account Domain:  NT AUTHORITY   Logon ID:  0x3E7    Object:   COM+ Catalog Collection: UsersInRole   Object Name:       ApplId = {3ECE78CA-F329-4C43-8B57-B8CD7074956B}    Name = Administrators    User = SYSTEM   Object Details:       <null>	3466
<14>Oct 30 08:47:18 WIN-5SB1I3G0V7U MSWinEventLog	1	Security	27372	Mon Oct 30 08:47:18 2023	5890	Microsoft-Windows-Security-Auditing	N/A	N/A	Success Audit	WIN-5SB1I3G0V7U	System Integrity		An object was added to the COM+ Catalog.    Subject:   Security ID:  S-1-5-18   Account Name:  SYSTEM   Account Domain:  NT AUTHORITY   Logon ID:  0x3E7    Object:   COM+ Catalog Collection: Applications   Object Name:       ID = {3CF90263-536D-4386-A36F-AC6C7AFBD920}    AppPartitionID = {41E90F3E-56C1-4633-81C3-6E8BAC8BDD70}   Object Details:       Name = VMware Snapshot Provider    ApplicationProxyServerName =     ProcessType = 2    CommandLine =     ServiceName =     RunAsUserType = 1    Identity = Interactive User    Description = VMware Snapshot Provider    IsSystem = N    Authentication = 6    ShutdownAfter = 3    RunForever = N    Password = ********    Activation = Local    Changeable = Y    Deleteable = Y    CreatedBy =     AccessChecksLevel = 1    ApplicationAccessChecksEnabled = 0    cCOL_SecurityDescriptor = <Opaque>    ImpersonationLevel = 2    AuthenticationCapability = 2    CRMEnabled = 0    3GigSupportEnabled = 0    QueuingEnabled = 0    QueueListenerEnabled = N    EventsEnabled = 1    ProcessFlags = 0    ThreadMax = 0    ApplicationProxy = 0    CRMLogFile =     DumpEnabled = 0    DumpOnException = 0    DumpOnFailfast = 0    MaxDumpCount = 5    DumpPath = %systemroot%\system32\com\dmp    IsEnabled = 1    ConcurrentApps = 1    RecycleLifetimeLimit = 0    RecycleCallLimit = 0    RecycleActivationLimit = 0    RecycleMemoryLimit = 0    RecycleExpirationTimeout = 15    QCListenerMaxThreads = 0    QCAuthenticateMsgs = 0    ApplicationDirectory =     SRPTrustLevel = 262144    SRPEnabled = 0    SoapActivated = 0    SoapVRoot =     SoapMailTo =     SoapBaseUrl =     Replicable = 1	3845
<14>Oct 30 08:47:18 WIN-5SB1I3G0V7U MSWinEventLog	1	Security	27374	Mon Oct 30 08:47:18 2023	5890	Microsoft-Windows-Security-Auditing	N/A	N/A	Success Audit	WIN-5SB1I3G0V7U	System Integrity		An object was added to the COM+ Catalog.    Subject:   Security ID:  S-1-5-18   Account Name:  SYSTEM   Account Domain:  NT AUTHORITY   Logon ID:  0x3E7    Object:   COM+ Catalog Collection: Roles   Object Name:       ApplId = {3CF90263-536D-4386-A36F-AC6C7AFBD920}    Name = Administrators   Object Details:       Description = Administrators group	3846
